#
# There is insufficient memory for the Java Runtime Environment to continue.
# Native memory allocation (malloc) failed to allocate 1048576 bytes for AllocateHeap
# Possible reasons:
#   The system is out of physical RAM or swap space
#   The process is running with CompressedOops enabled, and the Java Heap may be blocking the growth of the native heap
# Possible solutions:
#   Reduce memory load on the system
#   Increase physical memory or swap space
#   Check if swap backing store is full
#   Decrease Java heap size (-Xmx/-Xms)
#   Decrease number of Java threads
#   Decrease Java thread stack sizes (-Xss)
#   Set larger code cache with -XX:ReservedCodeCacheSize=
#   JVM is running with Unscaled Compressed Oops mode in which the Java heap is
#     placed in the first 4GB address space. The Java Heap base address is the
#     maximum limit for the native heap growth. Please use -XX:HeapBaseMinAddress
#     to set the Java Heap base and to place the Java Heap above 4GB virtual address.
# This output file may be truncated or incomplete.
#
#  Out of Memory Error (allocation.cpp:44), pid=14360, tid=28636
#
# JRE version:  (17.0.7+8) (build )
# Java VM: Java HotSpot(TM) 64-Bit Server VM (17.0.7+8-LTS-224, mixed mode, sharing, tiered, compressed oops, compressed class ptrs, g1 gc, windows-amd64)
# No core dump will be written. Minidumps are not enabled by default on client versions of Windows
#

---------------  S U M M A R Y ------------

Command Line: -XX:+ShowCodeDetailsInExceptionMessages -agentlib:jdwp=transport=dt_socket,suspend=y,address=localhost:64972 -javaagent:C:\Users\Admin\eclipse\jee-2022-122\eclipse\configuration\org.eclipse.osgi\420\0\.cp\lib\javaagent-shaded.jar -Dfile.encoding=UTF-8 --module-path=E:\JDBC\mssql-jdbc-12.2.0.jre8.jar com.shoplaptop.ui.QLNhanVien

Host: 12th Gen Intel(R) Core(TM) i5-12450H, 12 cores, 7G,  Windows 11 , 64 bit Build 22621 (10.0.22621.2506)
Time: Wed Nov 15 17:43:17 2023 SE Asia Standard Time elapsed time: 0.007935 seconds (0d 0h 0m 0s)

---------------  T H R E A D  ---------------

Current thread (0x000002a651fbbc60):  JavaThread "Unknown thread" [_thread_in_vm, id=28636, stack(0x000000e017100000,0x000000e017200000)]

Stack: [0x000000e017100000,0x000000e017200000]
Native frames: (J=compiled Java code, j=interpreted, Vv=VM code, C=native code)
V  [jvm.dll+0x676a4a]
V  [jvm.dll+0x7d74f4]
V  [jvm.dll+0x7d8c9e]
V  [jvm.dll+0x7d9303]
V  [jvm.dll+0x2452c5]
V  [jvm.dll+0xa50a3]
V  [jvm.dll+0x2d5787]
V  [jvm.dll+0x7a8f7c]
V  [jvm.dll+0x3670e1]
V  [jvm.dll+0x788359]
V  [jvm.dll+0x3ea5ef]
V  [jvm.dll+0x3ec071]
C  [jli.dll+0x5297]
C  [ucrtbase.dll+0x29363]
C  [KERNEL32.DLL+0x1257d]
C  [ntdll.dll+0x5aa58]


---------------  P R O C E S S  ---------------

Threads class SMR info:
_java_thread_list=0x00007ffe9e194998, length=0, elements={
}

Java Threads: ( => current thread )

Other Threads:

=>0x000002a651fbbc60 (exited) JavaThread "Unknown thread" [_thread_in_vm, id=28636, stack(0x000000e017100000,0x000000e017200000)]

Threads with active compile tasks:

VM state: not at safepoint (not fully initialized)

VM Mutex/Monitor currently owned by a thread: None

Heap address: 0x0000000000000000, size: 0 MB, Compressed Oops mode: 32-bit

CDS archive(s) mapped at: [0x0000000000000000-0x0000000000000000-0x0000000000000000), size 0, SharedBaseAddress: 0x0000000800000000, ArchiveRelocationMode: 0.
Narrow klass base: 0x0000000000000000, Narrow klass shift: 0, Narrow klass range: 0x0

GC Precious Log:
<Empty>

GC Heap History (0 events):
No events

Deoptimization events (0 events):
No events

Classes unloaded (0 events):
No events

Classes redefined (0 events):
No events

Internal exceptions (0 events):
No events

VM Operations (0 events):
No events

Events (1 events):
Event: 0.006 Loaded shared library C:\Program Files\Java\jdk-17\bin\java.dll


Dynamic libraries:
0x00007ff721850000 - 0x00007ff721860000 	C:\Program Files\Java\jdk-17\bin\javaw.exe
0x00007fff2af90000 - 0x00007fff2b1a7000 	C:\WINDOWS\SYSTEM32\ntdll.dll
0x00007fff29ea0000 - 0x00007fff29f64000 	C:\WINDOWS\System32\KERNEL32.DLL
0x00007fff28940000 - 0x00007fff28ce7000 	C:\WINDOWS\System32\KERNELBASE.dll
0x00007fff284c0000 - 0x00007fff285d1000 	C:\WINDOWS\System32\ucrtbase.dll
0x00007fff215c0000 - 0x00007fff215db000 	C:\Program Files\Java\jdk-17\bin\VCRUNTIME140.dll
0x00007ffeb8120000 - 0x00007ffeb8139000 	C:\Program Files\Java\jdk-17\bin\jli.dll
0x00007fff297b0000 - 0x00007fff29860000 	C:\WINDOWS\System32\ADVAPI32.dll
0x00007fff2a960000 - 0x00007fff2aa07000 	C:\WINDOWS\System32\msvcrt.dll
0x00007fff29df0000 - 0x00007fff29e96000 	C:\WINDOWS\System32\sechost.dll
0x00007fff2a5f0000 - 0x00007fff2a707000 	C:\WINDOWS\System32\RPCRT4.dll
0x00007fff2abc0000 - 0x00007fff2ad6e000 	C:\WINDOWS\System32\USER32.dll
0x00007fff285e0000 - 0x00007fff28606000 	C:\WINDOWS\System32\win32u.dll
0x00007fff29860000 - 0x00007fff29889000 	C:\WINDOWS\System32\GDI32.dll
0x00007fff28820000 - 0x00007fff28939000 	C:\WINDOWS\System32\gdi32full.dll
0x00007fff20d00000 - 0x00007fff20f93000 	C:\WINDOWS\WinSxS\amd64_microsoft.windows.common-controls_6595b64144ccf1df_6.0.22621.2506_none_270c5ae97388e100\COMCTL32.dll
0x00007fff28610000 - 0x00007fff286aa000 	C:\WINDOWS\System32\msvcp_win.dll
0x00007fff207e0000 - 0x00007fff207ea000 	C:\WINDOWS\SYSTEM32\VERSION.dll
0x00007fff2a220000 - 0x00007fff2a251000 	C:\WINDOWS\System32\IMM32.DLL
0x00007fff0ef40000 - 0x00007fff0ef4c000 	C:\Program Files\Java\jdk-17\bin\vcruntime140_1.dll
0x00007ffea4db0000 - 0x00007ffea4e3e000 	C:\Program Files\Java\jdk-17\bin\msvcp140.dll
0x00007ffe9d6e0000 - 0x00007ffe9e2bd000 	C:\Program Files\Java\jdk-17\bin\server\jvm.dll
0x00007fff2ae50000 - 0x00007fff2ae58000 	C:\WINDOWS\System32\PSAPI.DLL
0x00007fff214d0000 - 0x00007fff21504000 	C:\WINDOWS\SYSTEM32\WINMM.dll
0x00007ffefdba0000 - 0x00007ffefdba9000 	C:\WINDOWS\SYSTEM32\WSOCK32.dll
0x00007fff2ae60000 - 0x00007fff2aed1000 	C:\WINDOWS\System32\WS2_32.dll
0x00007fff27400000 - 0x00007fff27418000 	C:\WINDOWS\SYSTEM32\kernel.appcore.dll
0x00007ffefdb70000 - 0x00007ffefdb7a000 	C:\Program Files\Java\jdk-17\bin\jimage.dll
0x00007fff259e0000 - 0x00007fff25c13000 	C:\WINDOWS\SYSTEM32\DBGHELP.DLL
0x00007fff2a260000 - 0x00007fff2a5e9000 	C:\WINDOWS\System32\combase.dll
0x00007fff2ad70000 - 0x00007fff2ae47000 	C:\WINDOWS\System32\OLEAUT32.dll
0x00007fff204a0000 - 0x00007fff204d2000 	C:\WINDOWS\SYSTEM32\dbgcore.DLL
0x00007fff283d0000 - 0x00007fff2844a000 	C:\WINDOWS\System32\bcryptPrimitives.dll
0x00007fff16e20000 - 0x00007fff16e5b000 	C:\Program Files\Java\jdk-17\bin\jdwp.dll
0x00007fff1a430000 - 0x00007fff1a43e000 	C:\Program Files\Java\jdk-17\bin\instrument.dll
0x00007ffea4d80000 - 0x00007ffea4da5000 	C:\Program Files\Java\jdk-17\bin\java.dll

dbghelp: loaded successfully - version: 4.0.5 - missing functions: none
symbol engine: initialized successfully - sym options: 0x614 - pdb path: .;C:\Program Files\Java\jdk-17\bin;C:\WINDOWS\SYSTEM32;C:\WINDOWS\WinSxS\amd64_microsoft.windows.common-controls_6595b64144ccf1df_6.0.22621.2506_none_270c5ae97388e100;C:\Program Files\Java\jdk-17\bin\server

VM Arguments:
jvm_args: -XX:+ShowCodeDetailsInExceptionMessages -agentlib:jdwp=transport=dt_socket,suspend=y,address=localhost:64972 -javaagent:C:\Users\Admin\eclipse\jee-2022-122\eclipse\configuration\org.eclipse.osgi\420\0\.cp\lib\javaagent-shaded.jar -Dfile.encoding=UTF-8 --module-path=E:\JDBC\mssql-jdbc-12.2.0.jre8.jar 
java_command: com.shoplaptop.ui.QLNhanVien
java_class_path (initial): E:\PRO1041_UI\ShopLaptop365\PRO1041_PM_Ban_Laptop\bin
Launcher Type: SUN_STANDARD

[Global flags]
     intx CICompilerCount                          = 4                                         {product} {ergonomic}
     uint ConcGCThreads                            = 3                                         {product} {ergonomic}
     uint G1ConcRefinementThreads                  = 10                                        {product} {ergonomic}
   size_t G1HeapRegionSize                         = 1048576                                   {product} {ergonomic}
    uintx GCDrainStackTargetSize                   = 64                                        {product} {ergonomic}
   size_t InitialHeapSize                          = 130023424                                 {product} {ergonomic}
   size_t MarkStackSize                            = 4194304                                   {product} {ergonomic}
   size_t MaxHeapSize                              = 2048917504                                {product} {ergonomic}
   size_t MinHeapDeltaBytes                        = 1048576                                   {product} {ergonomic}
   size_t MinHeapSize                              = 8388608                                   {product} {ergonomic}
    uintx NonNMethodCodeHeapSize                   = 5839372                                {pd product} {ergonomic}
    uintx NonProfiledCodeHeapSize                  = 122909434                              {pd product} {ergonomic}
    uintx ProfiledCodeHeapSize                     = 122909434                              {pd product} {ergonomic}
    uintx ReservedCodeCacheSize                    = 251658240                              {pd product} {ergonomic}
     bool SegmentedCodeCache                       = true                                      {product} {ergonomic}
     bool ShowCodeDetailsInExceptionMessages       = true                                   {manageable} {command line}
   size_t SoftMaxHeapSize                          = 2048917504                             {manageable} {ergonomic}
     bool UseCompressedClassPointers               = true                           {product lp64_product} {ergonomic}
     bool UseCompressedOops                        = true                           {product lp64_product} {ergonomic}
     bool UseG1GC                                  = true                                      {product} {ergonomic}
     bool UseLargePagesIndividualAllocation        = false                                  {pd product} {ergonomic}

Logging:
Log output configuration:
 #0: stdout all=warning uptime,level,tags
 #1: stderr all=off uptime,level,tags

Environment Variables:
PATH=C:\Program Files\Common Files\Oracle\Java\javapath;C:\Program Files (x86)\Common Files\Oracle\Java\javapath;C:\Windows\system32;C:\Windows;C:\Windows\System32\Wbem;C:\Windows\System32\WindowsPowerShell\v1.0\;C:\Windows\System32\OpenSSH\;C:\Program Files (x86)\NVIDIA Corporation\PhysX\Common;C:\Program Files\NVIDIA Corporation\NVIDIA NvDLISR;C:\Program Files\dotnet\;C:\WINDOWS\system32;C:\WINDOWS;C:\WINDOWS\System32\Wbem;C:\WINDOWS\System32\WindowsPowerShell\v1.0\;C:\WINDOWS\System32\OpenSSH\;C:\Program Files (x86)\Microsoft SQL Server\150\DTS\Binn\;C:\Program Files\Microsoft SQL Server\Client SDK\ODBC\130\Tools\Binn\;C:\Program Files (x86)\Microsoft SQL Server\130\Tools\Binn\;C:\Program Files\Microsoft SQL Server\130\Tools\Binn\;C:\Program Files\Microsoft SQL Server\130\DTS\Binn\;C:\Program Files\Git\cmd;C:\Users\Admin\AppData\Local\Programs\Python\Python311\Scripts\;C:\Users\Admin\AppData\Local\Programs\Python\Python311\;C:\Users\Admin\AppData\Local\Microsoft\WindowsApps;;C:\Users\Admin\AppData\Local\Programs\Microsoft VS Code\bin;C:\Program Files\Azure Data Studio\bin
USERNAME=Admin
OS=Windows_NT
PROCESSOR_IDENTIFIER=Intel64 Family 6 Model 154 Stepping 3, GenuineIntel



---------------  S Y S T E M  ---------------

OS:
 Windows 11 , 64 bit Build 22621 (10.0.22621.2506)
OS uptime: 5 days 3:12 hours

CPU: total 12 (initial active 12) (6 cores per cpu, 2 threads per core) family 6 model 154 stepping 3 microcode 0x41c, cx8, cmov, fxsr, ht, mmx, 3dnowpref, sse, sse2, sse3, ssse3, sse4.1, sse4.2, popcnt, lzcnt, tsc, tscinvbit, avx, avx2, aes, erms, clmul, bmi1, bmi2, adx, sha, fma, vzeroupper, clflush, clflushopt, clwb

Memory: 4k page, system-wide physical 7813M (348M free)
TotalPageFile size 26563M (AvailPageFile size 4M)
current process WorkingSet (physical memory assigned to process): 10M, peak: 10M
current process commit charge ("private bytes"): 11M, peak: 12M

vm_info: Java HotSpot(TM) 64-Bit Server VM (17.0.7+8-LTS-224) for windows-amd64 JRE (17.0.7+8-LTS-224), built on Feb 28 2023 23:03:02 by "mach5one" with MS VC++ 17.1 (VS2022)

END.
