#
# There is insufficient memory for the Java Runtime Environment to continue.
# Native memory allocation (mmap) failed to map 65536 bytes for Failed to commit metaspace.
# Possible reasons:
#   The system is out of physical RAM or swap space
#   The process is running with CompressedOops enabled, and the Java Heap may be blocking the growth of the native heap
# Possible solutions:
#   Reduce memory load on the system
#   Increase physical memory or swap space
#   Check if swap backing store is full
#   Decrease Java heap size (-Xmx/-Xms)
#   Decrease number of Java threads
#   Decrease Java thread stack sizes (-Xss)
#   Set larger code cache with -XX:ReservedCodeCacheSize=
#   JVM is running with Unscaled Compressed Oops mode in which the Java heap is
#     placed in the first 4GB address space. The Java Heap base address is the
#     maximum limit for the native heap growth. Please use -XX:HeapBaseMinAddress
#     to set the Java Heap base and to place the Java Heap above 4GB virtual address.
# This output file may be truncated or incomplete.
#
#  Out of Memory Error (virtualSpaceNode.cpp:110), pid=19880, tid=11244
#
# JRE version: Java(TM) SE Runtime Environment (17.0.7+8) (build 17.0.7+8-LTS-224)
# Java VM: Java HotSpot(TM) 64-Bit Server VM (17.0.7+8-LTS-224, mixed mode, sharing, tiered, compressed oops, compressed class ptrs, g1 gc, windows-amd64)
# No core dump will be written. Minidumps are not enabled by default on client versions of Windows
#

---------------  S U M M A R Y ------------

Command Line: -Dfile.encoding=UTF-8 --module-path=I:\PRO1401\ShopLaptop365\PRO1041_PM_Ban_Laptop\nbbuild\classes com.shoplaptop.ui.FormPhieuGiamGia

Host: 11th Gen Intel(R) Core(TM) i7-11800H @ 2.30GHz, 16 cores, 7G,  Windows 11 , 64 bit Build 22621 (10.0.22621.2506)
Time: Fri Nov 17 15:28:42 2023 SE Asia Standard Time elapsed time: 0.199832 seconds (0d 0h 0m 0s)

---------------  T H R E A D  ---------------

Current thread (0x0000019ba968ba50):  JavaThread "AWT-EventQueue-0" [_thread_in_vm, id=11244, stack(0x0000000216a00000,0x0000000216b00000)]

Stack: [0x0000000216a00000,0x0000000216b00000]
Native frames: (J=compiled Java code, j=interpreted, Vv=VM code, C=native code)
V  [jvm.dll+0x676a4a]
V  [jvm.dll+0x7d74f4]
V  [jvm.dll+0x7d8c9e]
V  [jvm.dll+0x7d9303]
V  [jvm.dll+0x2452c5]
V  [jvm.dll+0x7d35fb]
V  [jvm.dll+0x61ca36]
V  [jvm.dll+0x1bfbf7]
V  [jvm.dll+0x61f390]
V  [jvm.dll+0x61d3f6]
V  [jvm.dll+0x369442]
V  [jvm.dll+0x1e157b]
V  [jvm.dll+0x53cf35]
V  [jvm.dll+0x1f06da]
V  [jvm.dll+0x75156d]
V  [jvm.dll+0x752953]
V  [jvm.dll+0x752c88]
V  [jvm.dll+0x23d78b]
V  [jvm.dll+0x37cdde]
C  0x0000019b97e8b80d

Java frames: (J=compiled Java code, j=interpreted, Vv=VM code)
j  javax.swing.plaf.basic.BasicTableHeaderUI.createMouseInputListener()Ljavax/swing/event/MouseInputListener;+0 java.desktop@17.0.7
j  javax.swing.plaf.basic.BasicTableHeaderUI.installListeners()V+2 java.desktop@17.0.7
j  javax.swing.plaf.synth.SynthTableHeaderUI.installListeners()V+1 java.desktop@17.0.7
j  javax.swing.plaf.basic.BasicTableHeaderUI.installUI(Ljavax/swing/JComponent;)V+36 java.desktop@17.0.7
j  javax.swing.JComponent.setUI(Ljavax/swing/plaf/ComponentUI;)V+52 java.desktop@17.0.7
j  javax.swing.table.JTableHeader.setUI(Ljavax/swing/plaf/TableHeaderUI;)V+10 java.desktop@17.0.7
j  javax.swing.table.JTableHeader.updateUI()V+20 java.desktop@17.0.7
j  javax.swing.table.JTableHeader.<init>(Ljavax/swing/table/TableColumnModel;)V+23 java.desktop@17.0.7
j  javax.swing.JTable.createDefaultTableHeader()Ljavax/swing/table/JTableHeader;+8 java.desktop@17.0.7
j  javax.swing.JTable.initializeLocalVars()V+15 java.desktop@17.0.7
j  javax.swing.JTable.<init>(Ljavax/swing/table/TableModel;Ljavax/swing/table/TableColumnModel;Ljavax/swing/ListSelectionModel;)V+85 java.desktop@17.0.7
j  javax.swing.JTable.<init>()V+4 java.desktop@17.0.7
j  com.shoplaptop.ui.FormPhieuGiamGia.initComponents()V+27
j  com.shoplaptop.ui.FormPhieuGiamGia.<init>(Ljava/awt/Frame;Z)V+51
j  com.shoplaptop.ui.FormPhieuGiamGia$9.run()V+12
j  java.awt.event.InvocationEvent.dispatch()V+47 java.desktop@17.0.7
j  java.awt.EventQueue.dispatchEventImpl(Ljava/awt/AWTEvent;Ljava/lang/Object;)V+21 java.desktop@17.0.7
j  java.awt.EventQueue$4.run()Ljava/lang/Void;+32 java.desktop@17.0.7
j  java.awt.EventQueue$4.run()Ljava/lang/Object;+1 java.desktop@17.0.7
J 630 c1 java.security.AccessController.executePrivileged(Ljava/security/PrivilegedAction;Ljava/security/AccessControlContext;Ljava/lang/Class;)Ljava/lang/Object; java.base@17.0.7 (65 bytes) @ 0x0000019b90aff83c [0x0000019b90aff6e0+0x000000000000015c]
j  java.security.AccessController.doPrivileged(Ljava/security/PrivilegedAction;Ljava/security/AccessControlContext;)Ljava/lang/Object;+13 java.base@17.0.7
j  java.security.ProtectionDomain$JavaSecurityAccessImpl.doIntersectionPrivilege(Ljava/security/PrivilegedAction;Ljava/security/AccessControlContext;Ljava/security/AccessControlContext;)Ljava/lang/Object;+18 java.base@17.0.7
j  java.awt.EventQueue.dispatchEvent(Ljava/awt/AWTEvent;)V+46 java.desktop@17.0.7
j  java.awt.EventDispatchThread.pumpOneEventForFilters(I)V+78 java.desktop@17.0.7
j  java.awt.EventDispatchThread.pumpEventsForFilter(ILjava/awt/Conditional;Ljava/awt/EventFilter;)V+35 java.desktop@17.0.7
j  java.awt.EventDispatchThread.pumpEventsForHierarchy(ILjava/awt/Conditional;Ljava/awt/Component;)V+11 java.desktop@17.0.7
j  java.awt.EventDispatchThread.pumpEvents(ILjava/awt/Conditional;)V+4 java.desktop@17.0.7
j  java.awt.EventDispatchThread.pumpEvents(Ljava/awt/Conditional;)V+3 java.desktop@17.0.7
j  java.awt.EventDispatchThread.run()V+9 java.desktop@17.0.7
v  ~StubRoutines::call_stub

---------------  P R O C E S S  ---------------

Threads class SMR info:
_java_thread_list=0x0000019ba9660700, length=21, elements={
0x0000019ba7c33f60, 0x0000019ba7c36a20, 0x0000019ba7c4ac40, 0x0000019ba7c4b5f0,
0x0000019ba7c4dfb0, 0x0000019ba7c4f970, 0x0000019ba7c50700, 0x0000019ba7c5bd70,
0x0000019ba7c5d680, 0x0000019ba88aaf90, 0x0000019ba88b0590, 0x0000019ba88edf60,
0x0000019ba88ee520, 0x0000019ba89b23c0, 0x0000019ba8b4dab0, 0x0000019ba8b503a0,
0x0000019ba8b54880, 0x0000019ba8b92740, 0x0000019ba9628450, 0x0000019ba968ba50,
0x0000019ba9688560
}

Java Threads: ( => current thread )
  0x0000019ba7c33f60 JavaThread "Reference Handler" daemon [_thread_blocked, id=18652, stack(0x0000000215600000,0x0000000215700000)]
  0x0000019ba7c36a20 JavaThread "Finalizer" daemon [_thread_blocked, id=21056, stack(0x0000000215700000,0x0000000215800000)]
  0x0000019ba7c4ac40 JavaThread "Signal Dispatcher" daemon [_thread_blocked, id=18416, stack(0x0000000215800000,0x0000000215900000)]
  0x0000019ba7c4b5f0 JavaThread "Attach Listener" daemon [_thread_blocked, id=16296, stack(0x0000000215900000,0x0000000215a00000)]
  0x0000019ba7c4dfb0 JavaThread "Service Thread" daemon [_thread_blocked, id=19460, stack(0x0000000215a00000,0x0000000215b00000)]
  0x0000019ba7c4f970 JavaThread "Monitor Deflation Thread" daemon [_thread_blocked, id=14000, stack(0x0000000215b00000,0x0000000215c00000)]
  0x0000019ba7c50700 JavaThread "C2 CompilerThread0" daemon [_thread_blocked, id=4784, stack(0x0000000215c00000,0x0000000215d00000)]
  0x0000019ba7c5bd70 JavaThread "C1 CompilerThread0" daemon [_thread_blocked, id=6044, stack(0x0000000215d00000,0x0000000215e00000)]
  0x0000019ba7c5d680 JavaThread "Sweeper thread" daemon [_thread_blocked, id=9716, stack(0x0000000215e00000,0x0000000215f00000)]
  0x0000019ba88aaf90 JavaThread "Common-Cleaner" daemon [_thread_blocked, id=14948, stack(0x0000000215f00000,0x0000000216000000)]
  0x0000019ba88b0590 JavaThread "C1 CompilerThread1" daemon [_thread_blocked, id=3108, stack(0x0000000216000000,0x0000000216100000)]
  0x0000019ba88edf60 JavaThread "C2 CompilerThread1" daemon [_thread_blocked, id=1804, stack(0x0000000216100000,0x0000000216200000)]
  0x0000019ba88ee520 JavaThread "C2 CompilerThread2" daemon [_thread_blocked, id=10584, stack(0x0000000216200000,0x0000000216300000)]
  0x0000019ba89b23c0 JavaThread "Notification Thread" daemon [_thread_blocked, id=16256, stack(0x0000000216300000,0x0000000216400000)]
  0x0000019ba8b4dab0 JavaThread "Java2D Disposer" daemon [_thread_blocked, id=15624, stack(0x0000000216500000,0x0000000216600000)]
  0x0000019ba8b503a0 JavaThread "AWT-Shutdown" [_thread_blocked, id=3340, stack(0x0000000216600000,0x0000000216700000)]
  0x0000019ba8b54880 JavaThread "AWT-Windows" daemon [_thread_in_native, id=11708, stack(0x0000000216700000,0x0000000216800000)]
  0x0000019ba8b92740 JavaThread "EventQueueMonitor-ComponentEvtDispatch" daemon [_thread_blocked, id=20352, stack(0x0000000216800000,0x0000000216900000)]
  0x0000019ba9628450 JavaThread "Thread-1" daemon [_thread_in_native, id=2896, stack(0x0000000216900000,0x0000000216a00000)]
=>0x0000019ba968ba50 JavaThread "AWT-EventQueue-0" [_thread_in_vm, id=11244, stack(0x0000000216a00000,0x0000000216b00000)]
  0x0000019ba9688560 JavaThread "DestroyJavaVM" [_thread_blocked, id=13160, stack(0x0000000214f00000,0x0000000215000000)]

Other Threads:
  0x0000019ba7c304d0 VMThread "VM Thread" [stack: 0x0000000215500000,0x0000000215600000] [id=20912]
  0x0000019ba88ef9e0 WatcherThread [stack: 0x0000000216400000,0x0000000216500000] [id=5136]
  0x0000019b891f34a0 GCTaskThread "GC Thread#0" [stack: 0x0000000215000000,0x0000000215100000] [id=20056]
  0x0000019b89204ab0 ConcurrentGCThread "G1 Main Marker" [stack: 0x0000000215100000,0x0000000215200000] [id=9080]
  0x0000019b892054c0 ConcurrentGCThread "G1 Conc#0" [stack: 0x0000000215200000,0x0000000215300000] [id=416]
  0x0000019b8926d5e0 ConcurrentGCThread "G1 Refine#0" [stack: 0x0000000215300000,0x0000000215400000] [id=6400]
  0x0000019b8926e000 ConcurrentGCThread "G1 Service" [stack: 0x0000000215400000,0x0000000215500000] [id=17236]

Threads with active compile tasks:

VM state: not at safepoint (normal execution)

VM Mutex/Monitor currently owned by a thread:  ([mutex/lock_event])
[0x0000019b89196a50] Metaspace_lock - owner thread: 0x0000019ba968ba50

Heap address: 0x0000000084a00000, size: 1974 MB, Compressed Oops mode: 32-bit

CDS archive(s) mapped at: [0x0000000800000000-0x0000000800bd0000-0x0000000800bd0000), size 12386304, SharedBaseAddress: 0x0000000800000000, ArchiveRelocationMode: 0.
Compressed class space mapped at: 0x0000000800c00000-0x0000000840c00000, reserved size: 1073741824
Narrow klass base: 0x0000000800000000, Narrow klass shift: 0, Narrow klass range: 0x100000000

GC Precious Log:
 CPUs: 16 total, 16 available
 Memory: 7893M
 Large Page Support: Disabled
 NUMA Support: Disabled
 Compressed Oops: Enabled (32-bit)
 Heap Region Size: 1M
 Heap Min Capacity: 8M
 Heap Initial Capacity: 124M
 Heap Max Capacity: 1974M
 Pre-touch: Disabled
 Parallel Workers: 13
 Concurrent Workers: 3
 Concurrent Refinement Workers: 13
 Periodic GC: Disabled

Heap:
 garbage-first heap   total 126976K, used 6144K [0x0000000084a00000, 0x0000000100000000)
  region size 1024K, 7 young (7168K), 0 survivors (0K)
 Metaspace       used 7305K, committed 7552K, reserved 1056768K
  class space    used 868K, committed 960K, reserved 1048576K

Heap Regions: E=young(eden), S=young(survivor), O=old, HS=humongous(starts), HC=humongous(continues), CS=collection set, F=free, OA=open archive, CA=closed archive, TAMS=top-at-mark-start (previous, next)
|   0|0x0000000084a00000, 0x0000000084a00000, 0x0000000084b00000|  0%| F|  |TAMS 0x0000000084a00000, 0x0000000084a00000| Untracked 
|   1|0x0000000084b00000, 0x0000000084b00000, 0x0000000084c00000|  0%| F|  |TAMS 0x0000000084b00000, 0x0000000084b00000| Untracked 
|   2|0x0000000084c00000, 0x0000000084c00000, 0x0000000084d00000|  0%| F|  |TAMS 0x0000000084c00000, 0x0000000084c00000| Untracked 
|   3|0x0000000084d00000, 0x0000000084d00000, 0x0000000084e00000|  0%| F|  |TAMS 0x0000000084d00000, 0x0000000084d00000| Untracked 
|   4|0x0000000084e00000, 0x0000000084e00000, 0x0000000084f00000|  0%| F|  |TAMS 0x0000000084e00000, 0x0000000084e00000| Untracked 
|   5|0x0000000084f00000, 0x0000000084f00000, 0x0000000085000000|  0%| F|  |TAMS 0x0000000084f00000, 0x0000000084f00000| Untracked 
|   6|0x0000000085000000, 0x0000000085000000, 0x0000000085100000|  0%| F|  |TAMS 0x0000000085000000, 0x0000000085000000| Untracked 
|   7|0x0000000085100000, 0x0000000085100000, 0x0000000085200000|  0%| F|  |TAMS 0x0000000085100000, 0x0000000085100000| Untracked 
|   8|0x0000000085200000, 0x0000000085200000, 0x0000000085300000|  0%| F|  |TAMS 0x0000000085200000, 0x0000000085200000| Untracked 
|   9|0x0000000085300000, 0x0000000085300000, 0x0000000085400000|  0%| F|  |TAMS 0x0000000085300000, 0x0000000085300000| Untracked 
|  10|0x0000000085400000, 0x0000000085400000, 0x0000000085500000|  0%| F|  |TAMS 0x0000000085400000, 0x0000000085400000| Untracked 
|  11|0x0000000085500000, 0x0000000085500000, 0x0000000085600000|  0%| F|  |TAMS 0x0000000085500000, 0x0000000085500000| Untracked 
|  12|0x0000000085600000, 0x0000000085600000, 0x0000000085700000|  0%| F|  |TAMS 0x0000000085600000, 0x0000000085600000| Untracked 
|  13|0x0000000085700000, 0x0000000085700000, 0x0000000085800000|  0%| F|  |TAMS 0x0000000085700000, 0x0000000085700000| Untracked 
|  14|0x0000000085800000, 0x0000000085800000, 0x0000000085900000|  0%| F|  |TAMS 0x0000000085800000, 0x0000000085800000| Untracked 
|  15|0x0000000085900000, 0x0000000085900000, 0x0000000085a00000|  0%| F|  |TAMS 0x0000000085900000, 0x0000000085900000| Untracked 
|  16|0x0000000085a00000, 0x0000000085a00000, 0x0000000085b00000|  0%| F|  |TAMS 0x0000000085a00000, 0x0000000085a00000| Untracked 
|  17|0x0000000085b00000, 0x0000000085b00000, 0x0000000085c00000|  0%| F|  |TAMS 0x0000000085b00000, 0x0000000085b00000| Untracked 
|  18|0x0000000085c00000, 0x0000000085c00000, 0x0000000085d00000|  0%| F|  |TAMS 0x0000000085c00000, 0x0000000085c00000| Untracked 
|  19|0x0000000085d00000, 0x0000000085d00000, 0x0000000085e00000|  0%| F|  |TAMS 0x0000000085d00000, 0x0000000085d00000| Untracked 
|  20|0x0000000085e00000, 0x0000000085e00000, 0x0000000085f00000|  0%| F|  |TAMS 0x0000000085e00000, 0x0000000085e00000| Untracked 
|  21|0x0000000085f00000, 0x0000000085f00000, 0x0000000086000000|  0%| F|  |TAMS 0x0000000085f00000, 0x0000000085f00000| Untracked 
|  22|0x0000000086000000, 0x0000000086000000, 0x0000000086100000|  0%| F|  |TAMS 0x0000000086000000, 0x0000000086000000| Untracked 
|  23|0x0000000086100000, 0x0000000086100000, 0x0000000086200000|  0%| F|  |TAMS 0x0000000086100000, 0x0000000086100000| Untracked 
|  24|0x0000000086200000, 0x0000000086200000, 0x0000000086300000|  0%| F|  |TAMS 0x0000000086200000, 0x0000000086200000| Untracked 
|  25|0x0000000086300000, 0x0000000086300000, 0x0000000086400000|  0%| F|  |TAMS 0x0000000086300000, 0x0000000086300000| Untracked 
|  26|0x0000000086400000, 0x0000000086400000, 0x0000000086500000|  0%| F|  |TAMS 0x0000000086400000, 0x0000000086400000| Untracked 
|  27|0x0000000086500000, 0x0000000086500000, 0x0000000086600000|  0%| F|  |TAMS 0x0000000086500000, 0x0000000086500000| Untracked 
|  28|0x0000000086600000, 0x0000000086600000, 0x0000000086700000|  0%| F|  |TAMS 0x0000000086600000, 0x0000000086600000| Untracked 
|  29|0x0000000086700000, 0x0000000086700000, 0x0000000086800000|  0%| F|  |TAMS 0x0000000086700000, 0x0000000086700000| Untracked 
|  30|0x0000000086800000, 0x0000000086800000, 0x0000000086900000|  0%| F|  |TAMS 0x0000000086800000, 0x0000000086800000| Untracked 
|  31|0x0000000086900000, 0x0000000086900000, 0x0000000086a00000|  0%| F|  |TAMS 0x0000000086900000, 0x0000000086900000| Untracked 
|  32|0x0000000086a00000, 0x0000000086a00000, 0x0000000086b00000|  0%| F|  |TAMS 0x0000000086a00000, 0x0000000086a00000| Untracked 
|  33|0x0000000086b00000, 0x0000000086b00000, 0x0000000086c00000|  0%| F|  |TAMS 0x0000000086b00000, 0x0000000086b00000| Untracked 
|  34|0x0000000086c00000, 0x0000000086c00000, 0x0000000086d00000|  0%| F|  |TAMS 0x0000000086c00000, 0x0000000086c00000| Untracked 
|  35|0x0000000086d00000, 0x0000000086d00000, 0x0000000086e00000|  0%| F|  |TAMS 0x0000000086d00000, 0x0000000086d00000| Untracked 
|  36|0x0000000086e00000, 0x0000000086e00000, 0x0000000086f00000|  0%| F|  |TAMS 0x0000000086e00000, 0x0000000086e00000| Untracked 
|  37|0x0000000086f00000, 0x0000000086f00000, 0x0000000087000000|  0%| F|  |TAMS 0x0000000086f00000, 0x0000000086f00000| Untracked 
|  38|0x0000000087000000, 0x0000000087000000, 0x0000000087100000|  0%| F|  |TAMS 0x0000000087000000, 0x0000000087000000| Untracked 
|  39|0x0000000087100000, 0x0000000087100000, 0x0000000087200000|  0%| F|  |TAMS 0x0000000087100000, 0x0000000087100000| Untracked 
|  40|0x0000000087200000, 0x0000000087200000, 0x0000000087300000|  0%| F|  |TAMS 0x0000000087200000, 0x0000000087200000| Untracked 
|  41|0x0000000087300000, 0x0000000087300000, 0x0000000087400000|  0%| F|  |TAMS 0x0000000087300000, 0x0000000087300000| Untracked 
|  42|0x0000000087400000, 0x0000000087400000, 0x0000000087500000|  0%| F|  |TAMS 0x0000000087400000, 0x0000000087400000| Untracked 
|  43|0x0000000087500000, 0x0000000087500000, 0x0000000087600000|  0%| F|  |TAMS 0x0000000087500000, 0x0000000087500000| Untracked 
|  44|0x0000000087600000, 0x0000000087600000, 0x0000000087700000|  0%| F|  |TAMS 0x0000000087600000, 0x0000000087600000| Untracked 
|  45|0x0000000087700000, 0x0000000087700000, 0x0000000087800000|  0%| F|  |TAMS 0x0000000087700000, 0x0000000087700000| Untracked 
|  46|0x0000000087800000, 0x0000000087800000, 0x0000000087900000|  0%| F|  |TAMS 0x0000000087800000, 0x0000000087800000| Untracked 
|  47|0x0000000087900000, 0x0000000087900000, 0x0000000087a00000|  0%| F|  |TAMS 0x0000000087900000, 0x0000000087900000| Untracked 
|  48|0x0000000087a00000, 0x0000000087a00000, 0x0000000087b00000|  0%| F|  |TAMS 0x0000000087a00000, 0x0000000087a00000| Untracked 
|  49|0x0000000087b00000, 0x0000000087b00000, 0x0000000087c00000|  0%| F|  |TAMS 0x0000000087b00000, 0x0000000087b00000| Untracked 
|  50|0x0000000087c00000, 0x0000000087c00000, 0x0000000087d00000|  0%| F|  |TAMS 0x0000000087c00000, 0x0000000087c00000| Untracked 
|  51|0x0000000087d00000, 0x0000000087d00000, 0x0000000087e00000|  0%| F|  |TAMS 0x0000000087d00000, 0x0000000087d00000| Untracked 
|  52|0x0000000087e00000, 0x0000000087e00000, 0x0000000087f00000|  0%| F|  |TAMS 0x0000000087e00000, 0x0000000087e00000| Untracked 
|  53|0x0000000087f00000, 0x0000000087f00000, 0x0000000088000000|  0%| F|  |TAMS 0x0000000087f00000, 0x0000000087f00000| Untracked 
|  54|0x0000000088000000, 0x0000000088000000, 0x0000000088100000|  0%| F|  |TAMS 0x0000000088000000, 0x0000000088000000| Untracked 
|  55|0x0000000088100000, 0x0000000088100000, 0x0000000088200000|  0%| F|  |TAMS 0x0000000088100000, 0x0000000088100000| Untracked 
|  56|0x0000000088200000, 0x0000000088200000, 0x0000000088300000|  0%| F|  |TAMS 0x0000000088200000, 0x0000000088200000| Untracked 
|  57|0x0000000088300000, 0x0000000088300000, 0x0000000088400000|  0%| F|  |TAMS 0x0000000088300000, 0x0000000088300000| Untracked 
|  58|0x0000000088400000, 0x0000000088400000, 0x0000000088500000|  0%| F|  |TAMS 0x0000000088400000, 0x0000000088400000| Untracked 
|  59|0x0000000088500000, 0x0000000088500000, 0x0000000088600000|  0%| F|  |TAMS 0x0000000088500000, 0x0000000088500000| Untracked 
|  60|0x0000000088600000, 0x0000000088600000, 0x0000000088700000|  0%| F|  |TAMS 0x0000000088600000, 0x0000000088600000| Untracked 
|  61|0x0000000088700000, 0x0000000088700000, 0x0000000088800000|  0%| F|  |TAMS 0x0000000088700000, 0x0000000088700000| Untracked 
|  62|0x0000000088800000, 0x0000000088800000, 0x0000000088900000|  0%| F|  |TAMS 0x0000000088800000, 0x0000000088800000| Untracked 
|  63|0x0000000088900000, 0x0000000088900000, 0x0000000088a00000|  0%| F|  |TAMS 0x0000000088900000, 0x0000000088900000| Untracked 
|  64|0x0000000088a00000, 0x0000000088a00000, 0x0000000088b00000|  0%| F|  |TAMS 0x0000000088a00000, 0x0000000088a00000| Untracked 
|  65|0x0000000088b00000, 0x0000000088b00000, 0x0000000088c00000|  0%| F|  |TAMS 0x0000000088b00000, 0x0000000088b00000| Untracked 
|  66|0x0000000088c00000, 0x0000000088c00000, 0x0000000088d00000|  0%| F|  |TAMS 0x0000000088c00000, 0x0000000088c00000| Untracked 
|  67|0x0000000088d00000, 0x0000000088d00000, 0x0000000088e00000|  0%| F|  |TAMS 0x0000000088d00000, 0x0000000088d00000| Untracked 
|  68|0x0000000088e00000, 0x0000000088e00000, 0x0000000088f00000|  0%| F|  |TAMS 0x0000000088e00000, 0x0000000088e00000| Untracked 
|  69|0x0000000088f00000, 0x0000000088f00000, 0x0000000089000000|  0%| F|  |TAMS 0x0000000088f00000, 0x0000000088f00000| Untracked 
|  70|0x0000000089000000, 0x0000000089000000, 0x0000000089100000|  0%| F|  |TAMS 0x0000000089000000, 0x0000000089000000| Untracked 
|  71|0x0000000089100000, 0x0000000089100000, 0x0000000089200000|  0%| F|  |TAMS 0x0000000089100000, 0x0000000089100000| Untracked 
|  72|0x0000000089200000, 0x0000000089200000, 0x0000000089300000|  0%| F|  |TAMS 0x0000000089200000, 0x0000000089200000| Untracked 
|  73|0x0000000089300000, 0x0000000089300000, 0x0000000089400000|  0%| F|  |TAMS 0x0000000089300000, 0x0000000089300000| Untracked 
|  74|0x0000000089400000, 0x0000000089400000, 0x0000000089500000|  0%| F|  |TAMS 0x0000000089400000, 0x0000000089400000| Untracked 
|  75|0x0000000089500000, 0x0000000089500000, 0x0000000089600000|  0%| F|  |TAMS 0x0000000089500000, 0x0000000089500000| Untracked 
|  76|0x0000000089600000, 0x0000000089600000, 0x0000000089700000|  0%| F|  |TAMS 0x0000000089600000, 0x0000000089600000| Untracked 
|  77|0x0000000089700000, 0x0000000089700000, 0x0000000089800000|  0%| F|  |TAMS 0x0000000089700000, 0x0000000089700000| Untracked 
|  78|0x0000000089800000, 0x0000000089800000, 0x0000000089900000|  0%| F|  |TAMS 0x0000000089800000, 0x0000000089800000| Untracked 
|  79|0x0000000089900000, 0x0000000089900000, 0x0000000089a00000|  0%| F|  |TAMS 0x0000000089900000, 0x0000000089900000| Untracked 
|  80|0x0000000089a00000, 0x0000000089a00000, 0x0000000089b00000|  0%| F|  |TAMS 0x0000000089a00000, 0x0000000089a00000| Untracked 
|  81|0x0000000089b00000, 0x0000000089b00000, 0x0000000089c00000|  0%| F|  |TAMS 0x0000000089b00000, 0x0000000089b00000| Untracked 
|  82|0x0000000089c00000, 0x0000000089c00000, 0x0000000089d00000|  0%| F|  |TAMS 0x0000000089c00000, 0x0000000089c00000| Untracked 
|  83|0x0000000089d00000, 0x0000000089d00000, 0x0000000089e00000|  0%| F|  |TAMS 0x0000000089d00000, 0x0000000089d00000| Untracked 
|  84|0x0000000089e00000, 0x0000000089e00000, 0x0000000089f00000|  0%| F|  |TAMS 0x0000000089e00000, 0x0000000089e00000| Untracked 
|  85|0x0000000089f00000, 0x0000000089f00000, 0x000000008a000000|  0%| F|  |TAMS 0x0000000089f00000, 0x0000000089f00000| Untracked 
|  86|0x000000008a000000, 0x000000008a000000, 0x000000008a100000|  0%| F|  |TAMS 0x000000008a000000, 0x000000008a000000| Untracked 
|  87|0x000000008a100000, 0x000000008a100000, 0x000000008a200000|  0%| F|  |TAMS 0x000000008a100000, 0x000000008a100000| Untracked 
|  88|0x000000008a200000, 0x000000008a200000, 0x000000008a300000|  0%| F|  |TAMS 0x000000008a200000, 0x000000008a200000| Untracked 
|  89|0x000000008a300000, 0x000000008a300000, 0x000000008a400000|  0%| F|  |TAMS 0x000000008a300000, 0x000000008a300000| Untracked 
|  90|0x000000008a400000, 0x000000008a400000, 0x000000008a500000|  0%| F|  |TAMS 0x000000008a400000, 0x000000008a400000| Untracked 
|  91|0x000000008a500000, 0x000000008a500000, 0x000000008a600000|  0%| F|  |TAMS 0x000000008a500000, 0x000000008a500000| Untracked 
|  92|0x000000008a600000, 0x000000008a600000, 0x000000008a700000|  0%| F|  |TAMS 0x000000008a600000, 0x000000008a600000| Untracked 
|  93|0x000000008a700000, 0x000000008a700000, 0x000000008a800000|  0%| F|  |TAMS 0x000000008a700000, 0x000000008a700000| Untracked 
|  94|0x000000008a800000, 0x000000008a800000, 0x000000008a900000|  0%| F|  |TAMS 0x000000008a800000, 0x000000008a800000| Untracked 
|  95|0x000000008a900000, 0x000000008a900000, 0x000000008aa00000|  0%| F|  |TAMS 0x000000008a900000, 0x000000008a900000| Untracked 
|  96|0x000000008aa00000, 0x000000008aa00000, 0x000000008ab00000|  0%| F|  |TAMS 0x000000008aa00000, 0x000000008aa00000| Untracked 
|  97|0x000000008ab00000, 0x000000008ab00000, 0x000000008ac00000|  0%| F|  |TAMS 0x000000008ab00000, 0x000000008ab00000| Untracked 
|  98|0x000000008ac00000, 0x000000008ac00000, 0x000000008ad00000|  0%| F|  |TAMS 0x000000008ac00000, 0x000000008ac00000| Untracked 
|  99|0x000000008ad00000, 0x000000008ad00000, 0x000000008ae00000|  0%| F|  |TAMS 0x000000008ad00000, 0x000000008ad00000| Untracked 
| 100|0x000000008ae00000, 0x000000008ae00000, 0x000000008af00000|  0%| F|  |TAMS 0x000000008ae00000, 0x000000008ae00000| Untracked 
| 101|0x000000008af00000, 0x000000008af00000, 0x000000008b000000|  0%| F|  |TAMS 0x000000008af00000, 0x000000008af00000| Untracked 
| 102|0x000000008b000000, 0x000000008b000000, 0x000000008b100000|  0%| F|  |TAMS 0x000000008b000000, 0x000000008b000000| Untracked 
| 103|0x000000008b100000, 0x000000008b100000, 0x000000008b200000|  0%| F|  |TAMS 0x000000008b100000, 0x000000008b100000| Untracked 
| 104|0x000000008b200000, 0x000000008b200000, 0x000000008b300000|  0%| F|  |TAMS 0x000000008b200000, 0x000000008b200000| Untracked 
| 105|0x000000008b300000, 0x000000008b300000, 0x000000008b400000|  0%| F|  |TAMS 0x000000008b300000, 0x000000008b300000| Untracked 
| 106|0x000000008b400000, 0x000000008b400000, 0x000000008b500000|  0%| F|  |TAMS 0x000000008b400000, 0x000000008b400000| Untracked 
| 107|0x000000008b500000, 0x000000008b500000, 0x000000008b600000|  0%| F|  |TAMS 0x000000008b500000, 0x000000008b500000| Untracked 
| 108|0x000000008b600000, 0x000000008b600000, 0x000000008b700000|  0%| F|  |TAMS 0x000000008b600000, 0x000000008b600000| Untracked 
| 109|0x000000008b700000, 0x000000008b700000, 0x000000008b800000|  0%| F|  |TAMS 0x000000008b700000, 0x000000008b700000| Untracked 
| 110|0x000000008b800000, 0x000000008b800000, 0x000000008b900000|  0%| F|  |TAMS 0x000000008b800000, 0x000000008b800000| Untracked 
| 111|0x000000008b900000, 0x000000008b900000, 0x000000008ba00000|  0%| F|  |TAMS 0x000000008b900000, 0x000000008b900000| Untracked 
| 112|0x000000008ba00000, 0x000000008ba00000, 0x000000008bb00000|  0%| F|  |TAMS 0x000000008ba00000, 0x000000008ba00000| Untracked 
| 113|0x000000008bb00000, 0x000000008bb00000, 0x000000008bc00000|  0%| F|  |TAMS 0x000000008bb00000, 0x000000008bb00000| Untracked 
| 114|0x000000008bc00000, 0x000000008bc00000, 0x000000008bd00000|  0%| F|  |TAMS 0x000000008bc00000, 0x000000008bc00000| Untracked 
| 115|0x000000008bd00000, 0x000000008bd00000, 0x000000008be00000|  0%| F|  |TAMS 0x000000008bd00000, 0x000000008bd00000| Untracked 
| 116|0x000000008be00000, 0x000000008be00000, 0x000000008bf00000|  0%| F|  |TAMS 0x000000008be00000, 0x000000008be00000| Untracked 
| 117|0x000000008bf00000, 0x000000008bfec9f8, 0x000000008c000000| 92%| E|  |TAMS 0x000000008bf00000, 0x000000008bf00000| Complete 
| 118|0x000000008c000000, 0x000000008c100000, 0x000000008c100000|100%| E|CS|TAMS 0x000000008c000000, 0x000000008c000000| Complete 
| 119|0x000000008c100000, 0x000000008c200000, 0x000000008c200000|100%| E|CS|TAMS 0x000000008c100000, 0x000000008c100000| Complete 
| 120|0x000000008c200000, 0x000000008c300000, 0x000000008c300000|100%| E|CS|TAMS 0x000000008c200000, 0x000000008c200000| Complete 
| 121|0x000000008c300000, 0x000000008c400000, 0x000000008c400000|100%| E|CS|TAMS 0x000000008c300000, 0x000000008c300000| Complete 
| 122|0x000000008c400000, 0x000000008c500000, 0x000000008c500000|100%| E|CS|TAMS 0x000000008c400000, 0x000000008c400000| Complete 
| 123|0x000000008c500000, 0x000000008c600000, 0x000000008c600000|100%| E|CS|TAMS 0x000000008c500000, 0x000000008c500000| Complete 

Card table byte_map: [0x0000019ba0690000,0x0000019ba0a70000] _byte_map_base: 0x0000019ba026b000

Marking Bits (Prev, Next): (CMBitMap*) 0x0000019b891f3ab0, (CMBitMap*) 0x0000019b891f3af0
 Prev Bits: [0x0000019ba0e50000, 0x0000019ba2d28000)
 Next Bits: [0x0000019ba2d30000, 0x0000019ba4c08000)

Polling page: 0x0000019b88970000

Metaspace:

Usage:
  Non-class:      6.29 MB used.
      Class:    868.10 KB used.
       Both:      7.13 MB used.

Virtual space:
  Non-class space:        8.00 MB reserved,       6.44 MB ( 80%) committed,  1 nodes.
      Class space:        1.00 GB reserved,     960.00 KB ( <1%) committed,  1 nodes.
             Both:        1.01 GB reserved,       7.38 MB ( <1%) committed. 

Chunk freelists:
   Non-Class:  1023.00 KB
       Class:  3.06 MB
        Both:  4.06 MB

MaxMetaspaceSize: unlimited
CompressedClassSpaceSize: 1.00 GB
Initial GC threshold: 21.00 MB
Current GC threshold: 21.00 MB
CDS: on
MetaspaceReclaimPolicy: balanced
 - commit_granule_bytes: 65536.
 - commit_granule_words: 8192.
 - virtual_space_node_default_size: 1048576.
 - enlarge_chunks_in_place: 1.
 - new_chunks_are_fully_committed: 0.
 - uncommit_free_chunks: 1.
 - use_allocation_guard: 0.
 - handle_deallocations: 1.


Internal statistics:

num_allocs_failed_limit: 0.
num_arena_births: 94.
num_arena_deaths: 0.
num_vsnodes_births: 2.
num_vsnodes_deaths: 0.
num_space_committed: 118.
num_space_uncommitted: 0.
num_chunks_returned_to_freelist: 0.
num_chunks_taken_from_freelist: 137.
num_chunk_merges: 0.
num_chunk_splits: 77.
num_chunks_enlarged: 37.
num_purges: 0.
num_inconsistent_stats: 0.

CodeHeap 'non-profiled nmethods': size=119168Kb used=200Kb max_used=200Kb free=118967Kb
 bounds [0x0000019b985c0000, 0x0000019b98830000, 0x0000019b9fa20000]
CodeHeap 'profiled nmethods': size=119104Kb used=1147Kb max_used=1147Kb free=117956Kb
 bounds [0x0000019b90a20000, 0x0000019b90c90000, 0x0000019b97e70000]
CodeHeap 'non-nmethods': size=7488Kb used=1789Kb max_used=1816Kb free=5698Kb
 bounds [0x0000019b97e70000, 0x0000019b980e0000, 0x0000019b985c0000]
 total_blobs=1263 nmethods=741 adapters=434
 compilation: enabled
              stopped_count=0, restarted_count=0
 full_count=0

Compilation events (20 events):
Event: 0.194 Thread 0x0000019ba88b0590 nmethod 733 0x0000019b90b38610 code [0x0000019b90b387a0, 0x0000019b90b389f8]
Event: 0.194 Thread 0x0000019ba88b0590  734       3       java.lang.invoke.DirectMethodHandle::make (275 bytes)
Event: 0.195 Thread 0x0000019ba7c5bd70 nmethod 730 0x0000019b90b38b10 code [0x0000019b90b38f20, 0x0000019b90b3ac38]
Event: 0.195 Thread 0x0000019ba7c5bd70  735       3       java.lang.invoke.MemberName::isField (8 bytes)
Event: 0.195 Thread 0x0000019ba7c5bd70 nmethod 735 0x0000019b90b3b590 code [0x0000019b90b3b740, 0x0000019b90b3b978]
Event: 0.195 Thread 0x0000019ba7c5bd70  736       1       java.lang.reflect.Constructor::getConstructorAccessor (5 bytes)
Event: 0.195 Thread 0x0000019ba7c5bd70 nmethod 736 0x0000019b985f1090 code [0x0000019b985f1220, 0x0000019b985f12f8]
Event: 0.195 Thread 0x0000019ba7c5bd70  737       1       java.lang.reflect.Constructor::getDeclaringClass (5 bytes)
Event: 0.195 Thread 0x0000019ba7c5bd70 nmethod 737 0x0000019b985f1390 code [0x0000019b985f1520, 0x0000019b985f15f8]
Event: 0.195 Thread 0x0000019ba7c5bd70  738       1       java.lang.reflect.Constructor::getRoot (5 bytes)
Event: 0.195 Thread 0x0000019ba7c5bd70 nmethod 738 0x0000019b985f1690 code [0x0000019b985f1820, 0x0000019b985f18f8]
Event: 0.195 Thread 0x0000019ba7c5bd70  739       1       jdk.internal.reflect.DelegatingConstructorAccessorImpl::setDelegate (6 bytes)
Event: 0.195 Thread 0x0000019ba7c5bd70 nmethod 739 0x0000019b985f1990 code [0x0000019b985f1b20, 0x0000019b985f1c38]
Event: 0.195 Thread 0x0000019ba7c5bd70  740       1       jdk.internal.reflect.NativeConstructorAccessorImpl::setParent (6 bytes)
Event: 0.195 Thread 0x0000019ba7c5bd70 nmethod 740 0x0000019b985f1c90 code [0x0000019b985f1e20, 0x0000019b985f1f38]
Event: 0.195 Thread 0x0000019ba88b0590 nmethod 734 0x0000019b90b3ba90 code [0x0000019b90b3be20, 0x0000019b90b3d278]
Event: 0.195 Thread 0x0000019ba88b0590  741       3       java.lang.invoke.InvokerBytecodeGenerator::emitReferenceCast (188 bytes)
Event: 0.196 Thread 0x0000019ba88b0590 nmethod 741 0x0000019b90b3da90 code [0x0000019b90b3dd40, 0x0000019b90b3e9e8]
Event: 0.197 Thread 0x0000019ba88b0590  742       1       java.awt.Component::getParent_NoClientCode (5 bytes)
Event: 0.197 Thread 0x0000019ba88b0590 nmethod 742 0x0000019b985f1f90 code [0x0000019b985f2120, 0x0000019b985f21f8]

GC Heap History (0 events):
No events

Deoptimization events (20 events):
Event: 0.099 Thread 0x0000019b891991f0 DEOPT PACKING pc=0x0000019b985cf730 sp=0x0000000214ffdee0
Event: 0.099 Thread 0x0000019b891991f0 DEOPT UNPACKING pc=0x0000019b97ec5ba3 sp=0x0000000214ffde60 mode 2
Event: 0.099 Thread 0x0000019b891991f0 Uncommon trap: trap_request=0xffffffde fr.pc=0x0000019b985cf730 relative=0x00000000000006d0
Event: 0.099 Thread 0x0000019b891991f0 Uncommon trap: reason=class_check action=maybe_recompile pc=0x0000019b985cf730 method=java.util.HashMap.putVal(ILjava/lang/Object;Ljava/lang/Object;ZZ)Ljava/lang/Object; @ 152 c2
Event: 0.099 Thread 0x0000019b891991f0 DEOPT PACKING pc=0x0000019b985cf730 sp=0x0000000214ffdee0
Event: 0.099 Thread 0x0000019b891991f0 DEOPT UNPACKING pc=0x0000019b97ec5ba3 sp=0x0000000214ffde60 mode 2
Event: 0.099 Thread 0x0000019b891991f0 Uncommon trap: trap_request=0xffffffde fr.pc=0x0000019b985cf730 relative=0x00000000000006d0
Event: 0.099 Thread 0x0000019b891991f0 Uncommon trap: reason=class_check action=maybe_recompile pc=0x0000019b985cf730 method=java.util.HashMap.putVal(ILjava/lang/Object;Ljava/lang/Object;ZZ)Ljava/lang/Object; @ 152 c2
Event: 0.099 Thread 0x0000019b891991f0 DEOPT PACKING pc=0x0000019b985cf730 sp=0x0000000214ffdee0
Event: 0.099 Thread 0x0000019b891991f0 DEOPT UNPACKING pc=0x0000019b97ec5ba3 sp=0x0000000214ffde60 mode 2
Event: 0.118 Thread 0x0000019b891991f0 Uncommon trap: trap_request=0xffffff45 fr.pc=0x0000019b985e09ac relative=0x00000000000008cc
Event: 0.118 Thread 0x0000019b891991f0 Uncommon trap: reason=unstable_if action=reinterpret pc=0x0000019b985e09ac method=java.util.HashMap.putVal(ILjava/lang/Object;Ljava/lang/Object;ZZ)Ljava/lang/Object; @ 81 c2
Event: 0.118 Thread 0x0000019b891991f0 DEOPT PACKING pc=0x0000019b985e09ac sp=0x0000000214ffe390
Event: 0.118 Thread 0x0000019b891991f0 DEOPT UNPACKING pc=0x0000019b97ec5ba3 sp=0x0000000214ffe330 mode 2
Event: 0.183 Thread 0x0000019ba968ba50 Uncommon trap: trap_request=0xffffff3d fr.pc=0x0000019b985ebf44 relative=0x0000000000000ae4
Event: 0.183 Thread 0x0000019ba968ba50 Uncommon trap: reason=unstable_fused_if action=reinterpret pc=0x0000019b985ebf44 method=java.util.HashMap.resize()[Ljava/util/HashMap$Node; @ 31 c2
Event: 0.183 Thread 0x0000019ba968ba50 DEOPT PACKING pc=0x0000019b985ebf44 sp=0x0000000216afe5d0
Event: 0.183 Thread 0x0000019ba968ba50 DEOPT UNPACKING pc=0x0000019b97ec5ba3 sp=0x0000000216afe558 mode 2
Event: 0.185 Thread 0x0000019ba968ba50 DEOPT PACKING pc=0x0000019b90a3c9e7 sp=0x0000000216afd9d0
Event: 0.185 Thread 0x0000019ba968ba50 DEOPT UNPACKING pc=0x0000019b97ec66e3 sp=0x0000000216afcdf0 mode 0

Classes unloaded (0 events):
No events

Classes redefined (0 events):
No events

Internal exceptions (20 events):
Event: 0.164 Thread 0x0000019b891991f0 Exception <a 'java/lang/ClassNotFoundException'{0x000000008c050998}: PasswordField> (0x000000008c050998) 
thrown [s\open\src\hotspot\share\classfile\systemDictionary.cpp, line 256]
Event: 0.164 Thread 0x0000019b891991f0 Exception <a 'java/lang/ClassNotFoundException'{0x000000008c050ef0}: TextArea> (0x000000008c050ef0) 
thrown [s\open\src\hotspot\share\classfile\systemDictionary.cpp, line 256]
Event: 0.165 Thread 0x0000019b891991f0 Exception <a 'java/lang/ClassNotFoundException'{0x000000008c051830}: TextPane> (0x000000008c051830) 
thrown [s\open\src\hotspot\share\classfile\systemDictionary.cpp, line 256]
Event: 0.165 Thread 0x0000019b891991f0 Exception <a 'java/lang/ClassNotFoundException'{0x000000008c051c98}: EditorPane> (0x000000008c051c98) 
thrown [s\open\src\hotspot\share\classfile\systemDictionary.cpp, line 256]
Event: 0.165 Thread 0x0000019b891991f0 Exception <a 'java/lang/ClassNotFoundException'{0x000000008c0525f8}: ToolBar> (0x000000008c0525f8) 
thrown [s\open\src\hotspot\share\classfile\systemDictionary.cpp, line 256]
Event: 0.165 Thread 0x0000019b891991f0 Exception <a 'java/lang/ClassNotFoundException'{0x000000008c052af0}: ToolBar> (0x000000008c052af0) 
thrown [s\open\src\hotspot\share\classfile\systemDictionary.cpp, line 256]
Event: 0.165 Thread 0x0000019b891991f0 Exception <a 'java/lang/ClassNotFoundException'{0x000000008c052e50}: Button> (0x000000008c052e50) 
thrown [s\open\src\hotspot\share\classfile\systemDictionary.cpp, line 256]
Event: 0.165 Thread 0x0000019b891991f0 Exception <a 'java/lang/ClassNotFoundException'{0x000000008c053318}: ToolBar> (0x000000008c053318) 
thrown [s\open\src\hotspot\share\classfile\systemDictionary.cpp, line 256]
Event: 0.165 Thread 0x0000019b891991f0 Exception <a 'java/lang/ClassNotFoundException'{0x000000008c053688}: ToggleButton> (0x000000008c053688) 
thrown [s\open\src\hotspot\share\classfile\systemDictionary.cpp, line 256]
Event: 0.165 Thread 0x0000019b891991f0 Exception <a 'java/lang/ClassNotFoundException'{0x000000008c053ac8}: javax/swing/JToolBarSeparator> (0x000000008c053ac8) 
thrown [s\open\src\hotspot\share\classfile\systemDictionary.cpp, line 256]
Event: 0.165 Thread 0x0000019b891991f0 Exception <a 'java/lang/ClassNotFoundException'{0x000000008c053dd0}: ToolBarSeparator> (0x000000008c053dd0) 
thrown [s\open\src\hotspot\share\classfile\systemDictionary.cpp, line 256]
Event: 0.165 Thread 0x0000019b891991f0 Exception <a 'java/lang/ClassNotFoundException'{0x000000008c0542e8}: ToolTip> (0x000000008c0542e8) 
thrown [s\open\src\hotspot\share\classfile\systemDictionary.cpp, line 256]
Event: 0.166 Thread 0x0000019b891991f0 Exception <a 'java/lang/ClassNotFoundException'{0x000000008c054c08}: Tree> (0x000000008c054c08) 
thrown [s\open\src\hotspot\share\classfile\systemDictionary.cpp, line 256]
Event: 0.166 Thread 0x0000019b891991f0 Exception <a 'java/lang/ClassNotFoundException'{0x000000008c055100}: Tree> (0x000000008c055100) 
thrown [s\open\src\hotspot\share\classfile\systemDictionary.cpp, line 256]
Event: 0.166 Thread 0x0000019b891991f0 Exception <a 'java/lang/ClassNotFoundException'{0x000000008c055470}: javax/swing/JTreeCell> (0x000000008c055470) 
thrown [s\open\src\hotspot\share\classfile\systemDictionary.cpp, line 256]
Event: 0.166 Thread 0x0000019b891991f0 Exception <a 'java/lang/ClassNotFoundException'{0x000000008c055770}: TreeCell> (0x000000008c055770) 
thrown [s\open\src\hotspot\share\classfile\systemDictionary.cpp, line 256]
Event: 0.166 Thread 0x0000019b891991f0 Exception <a 'java/lang/ClassNotFoundException'{0x000000008c055f30}: RootPane> (0x000000008c055f30) 
thrown [s\open\src\hotspot\share\classfile\systemDictionary.cpp, line 256]
Event: 0.167 Thread 0x0000019b891991f0 Exception <a 'java/lang/ClassNotFoundException'{0x000000008c058e10}: com/sun/swing/internal/plaf/metal/resources/spi/metalProvider> (0x000000008c058e10) 
thrown [s\open\src\hotspot\share\classfile\systemDictionary.cpp, line 256]
Event: 0.167 Thread 0x0000019b891991f0 Exception <a 'java/lang/ClassNotFoundException'{0x000000008c05c9c0}: com/sun/swing/internal/plaf/basic/resources/spi/basicProvider> (0x000000008c05c9c0) 
thrown [s\open\src\hotspot\share\classfile\systemDictionary.cpp, line 256]
Event: 0.177 Thread 0x0000019ba968ba50 Exception <a 'java/lang/ClassNotFoundException'{0x000000008c0f8070}: com/sun/swing/internal/plaf/synth/resources/spi/synthProvider> (0x000000008c0f8070) 
thrown [s\open\src\hotspot\share\classfile\systemDictionary.cpp, line 256]

VM Operations (4 events):
Event: 0.037 Executing VM operation: HandshakeAllThreads
Event: 0.037 Executing VM operation: HandshakeAllThreads done
Event: 0.154 Executing VM operation: HandshakeAllThreads
Event: 0.154 Executing VM operation: HandshakeAllThreads done

Events (20 events):
Event: 0.196 loading class javax/swing/plaf/LabelUI done
Event: 0.196 loading class javax/swing/plaf/basic/BasicLabelUI done
Event: 0.196 loading class javax/swing/plaf/synth/SynthLabelUI done
Event: 0.197 loading class sun/swing/table/DefaultTableCellHeaderRenderer$EmptyIcon
Event: 0.197 loading class sun/swing/table/DefaultTableCellHeaderRenderer$EmptyIcon done
Event: 0.197 loading class javax/swing/plaf/synth/SynthTableHeaderUI
Event: 0.197 loading class javax/swing/plaf/basic/BasicTableHeaderUI
Event: 0.197 loading class javax/swing/plaf/TableHeaderUI
Event: 0.197 loading class javax/swing/plaf/TableHeaderUI done
Event: 0.197 loading class javax/swing/plaf/basic/BasicTableHeaderUI done
Event: 0.197 loading class javax/swing/plaf/synth/SynthTableHeaderUI done
Event: 0.197 loading class javax/swing/plaf/basic/BasicTableHeaderUI$1
Event: 0.197 loading class javax/swing/plaf/basic/BasicTableHeaderUI$1 done
Event: 0.197 loading class javax/swing/CellRendererPane
Event: 0.197 loading class javax/swing/CellRendererPane done
Event: 0.197 loading class javax/swing/plaf/synth/SynthTableHeaderUI$HeaderRenderer
Event: 0.197 loading class javax/swing/plaf/synth/SynthTableHeaderUI$HeaderRenderer done
Event: 0.197 loading class javax/swing/plaf/basic/BasicTableHeaderUI$MouseInputHandler
Event: 0.197 loading class javax/swing/event/MouseInputListener
Event: 0.197 loading class javax/swing/event/MouseInputListener done


Dynamic libraries:
0x00007ff790b50000 - 0x00007ff790b60000 	C:\Program Files\Java\jdk-17\bin\java.exe
0x00007ff81b390000 - 0x00007ff81b5a7000 	C:\WINDOWS\SYSTEM32\ntdll.dll
0x00007ff81a3c0000 - 0x00007ff81a484000 	C:\WINDOWS\System32\KERNEL32.DLL
0x00007ff818d30000 - 0x00007ff8190d5000 	C:\WINDOWS\System32\KERNELBASE.dll
0x00007ff8187a0000 - 0x00007ff8188b1000 	C:\WINDOWS\System32\ucrtbase.dll
0x00007ff80e930000 - 0x00007ff80e949000 	C:\Program Files\Java\jdk-17\bin\jli.dll
0x00007ff80e7d0000 - 0x00007ff80e7eb000 	C:\Program Files\Java\jdk-17\bin\VCRUNTIME140.dll
0x00007ff81a150000 - 0x00007ff81a201000 	C:\WINDOWS\System32\ADVAPI32.dll
0x00007ff819af0000 - 0x00007ff819b97000 	C:\WINDOWS\System32\msvcrt.dll
0x00007ff81acd0000 - 0x00007ff81ad76000 	C:\WINDOWS\System32\sechost.dll
0x00007ff81aba0000 - 0x00007ff81acb7000 	C:\WINDOWS\System32\RPCRT4.dll
0x00007ff8190e0000 - 0x00007ff81928e000 	C:\WINDOWS\System32\USER32.dll
0x00007ff818af0000 - 0x00007ff818b16000 	C:\WINDOWS\System32\win32u.dll
0x00007ffff1030000 - 0x00007ffff12c3000 	C:\WINDOWS\WinSxS\amd64_microsoft.windows.common-controls_6595b64144ccf1df_6.0.22621.2506_none_270c5ae97388e100\COMCTL32.dll
0x00007ff81a8a0000 - 0x00007ff81a8c9000 	C:\WINDOWS\System32\GDI32.dll
0x00007ff818c10000 - 0x00007ff818d29000 	C:\WINDOWS\System32\gdi32full.dll
0x00007ff818700000 - 0x00007ff81879a000 	C:\WINDOWS\System32\msvcp_win.dll
0x00007ff8101f0000 - 0x00007ff8101fa000 	C:\WINDOWS\SYSTEM32\VERSION.dll
0x00007ff81ad80000 - 0x00007ff81adb1000 	C:\WINDOWS\System32\IMM32.DLL
0x00007ff810330000 - 0x00007ff81033c000 	C:\Program Files\Java\jdk-17\bin\vcruntime140_1.dll
0x00007fffa6150000 - 0x00007fffa61de000 	C:\Program Files\Java\jdk-17\bin\msvcp140.dll
0x00007fff63fc0000 - 0x00007fff64b9d000 	C:\Program Files\Java\jdk-17\bin\server\jvm.dll
0x00007ff81a8d0000 - 0x00007ff81a8d8000 	C:\WINDOWS\System32\PSAPI.DLL
0x00007ff810380000 - 0x00007ff810389000 	C:\WINDOWS\SYSTEM32\WSOCK32.dll
0x00007ff8101b0000 - 0x00007ff8101e4000 	C:\WINDOWS\SYSTEM32\WINMM.dll
0x00007ff81a0d0000 - 0x00007ff81a141000 	C:\WINDOWS\System32\WS2_32.dll
0x00007ff817790000 - 0x00007ff8177a8000 	C:\WINDOWS\SYSTEM32\kernel.appcore.dll
0x00007ff80e0c0000 - 0x00007ff80e0ca000 	C:\Program Files\Java\jdk-17\bin\jimage.dll
0x00007ff8161c0000 - 0x00007ff8163f3000 	C:\WINDOWS\SYSTEM32\DBGHELP.DLL
0x00007ff81a490000 - 0x00007ff81a819000 	C:\WINDOWS\System32\combase.dll
0x00007ff81adc0000 - 0x00007ff81ae97000 	C:\WINDOWS\System32\OLEAUT32.dll
0x00007ff80f2a0000 - 0x00007ff80f2d2000 	C:\WINDOWS\SYSTEM32\dbgcore.DLL
0x00007ff818b90000 - 0x00007ff818c0a000 	C:\WINDOWS\System32\bcryptPrimitives.dll
0x00007fffcdde0000 - 0x00007fffcde05000 	C:\Program Files\Java\jdk-17\bin\java.dll
0x00007fffa9c50000 - 0x00007fffa9d27000 	C:\Program Files\Java\jdk-17\bin\jsvml.dll
0x00007ff819290000 - 0x00007ff819ae9000 	C:\WINDOWS\System32\SHELL32.dll
0x00007ff816620000 - 0x00007ff816f14000 	C:\WINDOWS\SYSTEM32\windows.storage.dll
0x00007ff8164e0000 - 0x00007ff81661e000 	C:\WINDOWS\SYSTEM32\wintypes.dll
0x00007ff819fd0000 - 0x00007ff81a0c3000 	C:\WINDOWS\System32\SHCORE.dll
0x00007ff819d00000 - 0x00007ff819d5e000 	C:\WINDOWS\System32\shlwapi.dll
0x00007ff818630000 - 0x00007ff818656000 	C:\WINDOWS\SYSTEM32\profapi.dll
0x00007fffce110000 - 0x00007fffce129000 	C:\Program Files\Java\jdk-17\bin\net.dll
0x00007ff810070000 - 0x00007ff8101a7000 	C:\WINDOWS\SYSTEM32\WINHTTP.dll
0x00007ff817c70000 - 0x00007ff817cd9000 	C:\WINDOWS\system32\mswsock.dll
0x00007fffcd3e0000 - 0x00007fffcd3f6000 	C:\Program Files\Java\jdk-17\bin\nio.dll
0x00007fffcacc0000 - 0x00007fffcacd8000 	C:\Program Files\Java\jdk-17\bin\zip.dll
0x00007fff6a4e0000 - 0x00007fff6a671000 	C:\Program Files\Java\jdk-17\bin\awt.dll
0x00007ff812210000 - 0x00007ff8122a7000 	C:\WINDOWS\SYSTEM32\apphelp.dll
0x00007ff8130c0000 - 0x00007ff81316b000 	C:\WINDOWS\system32\uxtheme.dll
0x00007ff81a270000 - 0x00007ff81a3bf000 	C:\WINDOWS\System32\MSCTF.dll
0x00007ff819d60000 - 0x00007ff819f00000 	C:\WINDOWS\System32\ole32.dll
0x00007fffa9c00000 - 0x00007fffa9c4a000 	C:\Program Files\Java\jdk-17\bin\javaaccessbridge.dll
0x00007fffeffd0000 - 0x00007fffeffd7000 	C:\Program Files\Java\jdk-17\bin\jawt.dll
0x00007ff815a90000 - 0x00007ff815abb000 	C:\WINDOWS\system32\DWMAPI.DLL
0x00007fffa60c0000 - 0x00007fffa6146000 	C:\Program Files\Java\jdk-17\bin\freetype.dll
0x00007fff82ef0000 - 0x00007fff82fb5000 	C:\Program Files\Java\jdk-17\bin\fontmanager.dll
0x00007fffceae0000 - 0x00007fffcebe0000 	C:\WINDOWS\system32\opengl32.dll
0x00007fffce290000 - 0x00007fffce2bd000 	C:\WINDOWS\SYSTEM32\GLU32.dll
0x00007ff8131a0000 - 0x00007ff8131d6000 	C:\WINDOWS\SYSTEM32\dxcore.dll

dbghelp: loaded successfully - version: 4.0.5 - missing functions: none
symbol engine: initialized successfully - sym options: 0x614 - pdb path: .;C:\Program Files\Java\jdk-17\bin;C:\WINDOWS\SYSTEM32;C:\WINDOWS\WinSxS\amd64_microsoft.windows.common-controls_6595b64144ccf1df_6.0.22621.2506_none_270c5ae97388e100;C:\Program Files\Java\jdk-17\bin\server

VM Arguments:
jvm_args: -Dfile.encoding=UTF-8 --module-path=I:\PRO1401\ShopLaptop365\PRO1041_PM_Ban_Laptop\nbbuild\classes 
java_command: com.shoplaptop.ui.FormPhieuGiamGia
java_class_path (initial): I:\Java1\mssql-jdbc-7.2.2.jre8.jar;I:\PRO1401\ShopLaptop365\PRO1041_PM_Ban_Laptop\nbbuild\classes
Launcher Type: SUN_STANDARD

[Global flags]
     intx CICompilerCount                          = 12                                        {product} {ergonomic}
     uint ConcGCThreads                            = 3                                         {product} {ergonomic}
     uint G1ConcRefinementThreads                  = 13                                        {product} {ergonomic}
   size_t G1HeapRegionSize                         = 1048576                                   {product} {ergonomic}
    uintx GCDrainStackTargetSize                   = 64                                        {product} {ergonomic}
   size_t InitialHeapSize                          = 130023424                                 {product} {ergonomic}
   size_t MarkStackSize                            = 4194304                                   {product} {ergonomic}
   size_t MaxHeapSize                              = 2069889024                                {product} {ergonomic}
   size_t MaxNewSize                               = 1241513984                                {product} {ergonomic}
   size_t MinHeapDeltaBytes                        = 1048576                                   {product} {ergonomic}
   size_t MinHeapSize                              = 8388608                                   {product} {ergonomic}
    uintx NonNMethodCodeHeapSize                   = 7602480                                {pd product} {ergonomic}
    uintx NonProfiledCodeHeapSize                  = 122027880                              {pd product} {ergonomic}
    uintx ProfiledCodeHeapSize                     = 122027880                              {pd product} {ergonomic}
    uintx ReservedCodeCacheSize                    = 251658240                              {pd product} {ergonomic}
     bool SegmentedCodeCache                       = true                                      {product} {ergonomic}
   size_t SoftMaxHeapSize                          = 2069889024                             {manageable} {ergonomic}
     bool UseCompressedClassPointers               = true                           {product lp64_product} {ergonomic}
     bool UseCompressedOops                        = true                           {product lp64_product} {ergonomic}
     bool UseG1GC                                  = true                                      {product} {ergonomic}
     bool UseLargePagesIndividualAllocation        = false                                  {pd product} {ergonomic}

Logging:
Log output configuration:
 #0: stdout all=warning uptime,level,tags
 #1: stderr all=off uptime,level,tags

Environment Variables:
JAVA_HOME=C:\Program Files\Java\jdk-19
PATH=C:\Program Files\Common Files\Oracle\Java\javapath;C:\Windows\system32;C:\Windows;C:\Windows\System32\Wbem;C:\Windows\System32\WindowsPowerShell\v1.0\;C:\Windows\System32\OpenSSH\;C:\Program Files (x86)\NVIDIA Corporation\PhysX\Common;C:\Program Files\NVIDIA Corporation\NVIDIA NvDLISR;C:\WINDOWS\system32;C:\WINDOWS;C:\WINDOWS\System32\Wbem;C:\WINDOWS\System32\WindowsPowerShell\v1.0\;C:\WINDOWS\System32\OpenSSH\;C:\Program Files (x86)\Microsoft SQL Server\150\DTS\Binn\;C:\Program Files\Azure Data Studio\bin;C:\Program Files\Java\jdk-19\bin;C:\Users\Admin\AppData\Local\Microsoft\WindowsApps;C:\Users\Admin\AppData\Local\Programs\Microsoft VS Code\bin;C:\adb;C:\Program Files\Microsoft SQL Server\Client SDK\ODBC\130\Tools\Binn\;C:\Program Files (x86)\Microsoft SQL Server\130\Tools\Binn\;C:\Program Files\Microsoft SQL Server\130\Tools\Binn\;C:\Program Files\Microsoft SQL Server\130\DTS\Binn\;C:\WINDOWS\system32;C:\WINDOWS;C:\WINDOWS\System32\Wbem;C:\WINDOWS\System32\WindowsPowerShell\v1.0\;C:\WINDOWS\System32\OpenSSH\;I:\Git\cmd;C:\Users\Admin\AppData\Local\Microsoft\WindowsApps;;C:\Users\Admin\AppData\Local\Programs\Microsoft VS Code\bin;C:\Program Files\Azure Data Studio\bin
USERNAME=Admin
OS=Windows_NT
PROCESSOR_IDENTIFIER=Intel64 Family 6 Model 141 Stepping 1, GenuineIntel



---------------  S Y S T E M  ---------------

OS:
 Windows 11 , 64 bit Build 22621 (10.0.22621.2506)
OS uptime: 1 days 1:53 hours

CPU: total 16 (initial active 16) (8 cores per cpu, 2 threads per core) family 6 model 141 stepping 1 microcode 0x26, cx8, cmov, fxsr, ht, mmx, 3dnowpref, sse, sse2, sse3, ssse3, sse4.1, sse4.2, popcnt, lzcnt, tsc, tscinvbit, avx, avx2, aes, erms, clmul, bmi1, bmi2, adx, avx512f, avx512dq, avx512cd, avx512bw, avx512vl, sha, fma, vzeroupper, avx512_vpopcntdq, avx512_vpclmulqdq, avx512_vaes, avx512_vnni, clflush, clflushopt, clwb, avx512_vbmi2, avx512_vbmi

Memory: 4k page, system-wide physical 7893M (913M free)
TotalPageFile size 11989M (AvailPageFile size 2M)
current process WorkingSet (physical memory assigned to process): 58M, peak: 58M
current process commit charge ("private bytes"): 232M, peak: 232M

vm_info: Java HotSpot(TM) 64-Bit Server VM (17.0.7+8-LTS-224) for windows-amd64 JRE (17.0.7+8-LTS-224), built on Feb 28 2023 23:03:02 by "mach5one" with MS VC++ 17.1 (VS2022)

END.
